<?xml version="1.0" encoding="UTF-8"?>
<coverage generated="1586871169642" clover="3.2.0">
  <project timestamp="1586871169642" name="All files">
    <metrics statements="36" coveredstatements="34" conditionals="4" coveredconditionals="2" methods="7" coveredmethods="6" elements="47" coveredelements="42" complexity="0" loc="36" ncloc="36" packages="1" files="2" classes="2"/>
    <file name="image-selector.tsx" path="/Users/utnaf/Workspace/Davide/testing-101-app/src/component/ParkingLot/component/image-selector.tsx">
      <metrics statements="22" coveredstatements="20" conditionals="2" coveredconditionals="0" methods="5" coveredmethods="4"/>
      <line num="1" count="1" type="stmt"/>
      <line num="2" count="1" type="stmt"/>
      <line num="3" count="1" type="stmt"/>
      <line num="5" count="1" type="stmt"/>
      <line num="6" count="1" type="stmt"/>
      <line num="8" count="1" type="stmt"/>
      <line num="14" count="1" type="stmt"/>
      <line num="15" count="5" type="stmt"/>
      <line num="16" count="5" type="stmt"/>
      <line num="17" count="5" type="stmt"/>
      <line num="19" count="5" type="stmt"/>
      <line num="20" count="1" type="stmt"/>
      <line num="21" count="1" type="stmt"/>
      <line num="24" count="1" type="stmt"/>
      <line num="25" count="1" type="stmt"/>
      <line num="26" count="1" type="stmt"/>
      <line num="28" count="1" type="stmt"/>
      <line num="31" count="5" type="stmt"/>
      <line num="32" count="0" type="cond" truecount="0" falsecount="2"/>
      <line num="33" count="0" type="stmt"/>
      <line num="37" count="5" type="stmt"/>
      <line num="44" count="1" type="stmt"/>
    </file>
    <file name="lot-level.tsx" path="/Users/utnaf/Workspace/Davide/testing-101-app/src/component/ParkingLot/component/lot-level.tsx">
      <metrics statements="14" coveredstatements="14" conditionals="2" coveredconditionals="2" methods="2" coveredmethods="2"/>
      <line num="1" count="1" type="stmt"/>
      <line num="2" count="1" type="stmt"/>
      <line num="4" count="1" type="stmt"/>
      <line num="11" count="1" type="stmt"/>
      <line num="13" count="1" type="stmt"/>
      <line num="14" count="4" type="stmt"/>
      <line num="15" count="4" type="stmt"/>
      <line num="17" count="4" type="stmt"/>
      <line num="19" count="4" type="stmt"/>
      <line num="20" count="4" type="stmt"/>
      <line num="22" count="4" type="cond" truecount="2" falsecount="0"/>
      <line num="23" count="2" type="stmt"/>
      <line num="26" count="4" type="stmt"/>
      <line num="29" count="4" type="stmt"/>
    </file>
  </project>
</coverage>
