{"/Users/utnaf/Workspace/Davide/testing-101-app/src/component/ParkingLot/component/image-selector.tsx": {"path":"/Users/utnaf/Workspace/Davide/testing-101-app/src/component/ParkingLot/component/image-selector.tsx","statementMap":{"0":{"start":{"line":1,"column":0},"end":{"line":1,"column":26}},"1":{"start":{"line":2,"column":0},"end":{"line":2,"column":51}},"2":{"start":{"line":3,"column":0},"end":{"line":3,"column":40}},"3":{"start":{"line":5,"column":0},"end":{"line":5,"column":33}},"4":{"start":{"line":6,"column":0},"end":{"line":6,"column":50}},"5":{"start":{"line":8,"column":19},"end":{"line":8,"column":66}},"6":{"start":{"line":14,"column":13},"end":{"line":42,"column":2}},"7":{"start":{"line":15,"column":32},"end":{"line":15,"column":46}},"8":{"start":{"line":16,"column":32},"end":{"line":16,"column":46}},"9":{"start":{"line":17,"column":18},"end":{"line":17,"column":30}},"10":{"start":{"line":19,"column":23},"end":{"line":29,"column":3}},"11":{"start":{"line":20,"column":4},"end":{"line":20,"column":21}},"12":{"start":{"line":21,"column":4},"end":{"line":28,"column":37}},"13":{"start":{"line":24,"column":25},"end":{"line":24,"column":48}},"14":{"start":{"line":25,"column":8},"end":{"line":25,"column":36}},"15":{"start":{"line":26,"column":8},"end":{"line":26,"column":29}},"16":{"start":{"line":28,"column":18},"end":{"line":28,"column":35}},"17":{"start":{"line":31,"column":2},"end":{"line":35,"column":5}},"18":{"start":{"line":32,"column":4},"end":{"line":34,"column":null}},"19":{"start":{"line":33,"column":6},"end":{"line":33,"column":21}},"20":{"start":{"line":37,"column":2},"end":{"line":41,"column":4}},"21":{"start":{"line":44,"column":0},"end":{"line":44,"column":29}}},"fnMap":{"0":{"name":"(anonymous_0)","decl":{"start":{"line":14,"column":29},"end":{"line":14,"column":30}},"loc":{"start":{"line":14,"column":60},"end":{"line":42,"column":1}}},"1":{"name":"(anonymous_1)","decl":{"start":{"line":19,"column":23},"end":{"line":19,"column":26}},"loc":{"start":{"line":19,"column":28},"end":{"line":29,"column":3}}},"2":{"name":"(anonymous_2)","decl":{"start":{"line":23,"column":12},"end":{"line":23,"column":15}},"loc":{"start":{"line":23,"column":18},"end":{"line":27,"column":7}}},"3":{"name":"(anonymous_3)","decl":{"start":{"line":28,"column":12},"end":{"line":28,"column":15}},"loc":{"start":{"line":28,"column":18},"end":{"line":28,"column":35}}},"4":{"name":"(anonymous_4)","decl":{"start":{"line":31,"column":12},"end":{"line":31,"column":15}},"loc":{"start":{"line":31,"column":17},"end":{"line":35,"column":3}}}},"branchMap":{"0":{"loc":{"start":{"line":32,"column":4},"end":{"line":34,"column":null}},"type":"if","locations":[{"start":{"line":32,"column":4},"end":{"line":34,"column":null}},{"start":{"line":32,"column":4},"end":{"line":34,"column":null}}]}},"s":{"0":1,"1":1,"2":1,"3":1,"4":1,"5":1,"6":1,"7":5,"8":5,"9":5,"10":5,"11":1,"12":1,"13":1,"14":1,"15":1,"16":1,"17":5,"18":0,"19":0,"20":5,"21":1},"f":{"0":5,"1":1,"2":1,"3":1,"4":0},"b":{"0":[0,0]}}
,"/Users/utnaf/Workspace/Davide/testing-101-app/src/component/ParkingLot/component/lot-level.tsx": {"path":"/Users/utnaf/Workspace/Davide/testing-101-app/src/component/ParkingLot/component/lot-level.tsx","statementMap":{"0":{"start":{"line":1,"column":0},"end":{"line":1,"column":51}},"1":{"start":{"line":2,"column":0},"end":{"line":2,"column":70}},"2":{"start":{"line":4,"column":0},"end":{"line":4,"column":33}},"3":{"start":{"line":11,"column":24},"end":{"line":11,"column":26}},"4":{"start":{"line":13,"column":13},"end":{"line":39,"column":2}},"5":{"start":{"line":14,"column":27},"end":{"line":14,"column":32}},"6":{"start":{"line":15,"column":18},"end":{"line":15,"column":30}},"7":{"start":{"line":17,"column":19},"end":{"line":17,"column":40}},"8":{"start":{"line":19,"column":24},"end":{"line":27,"column":3}},"9":{"start":{"line":20,"column":29},"end":{"line":20,"column":47}},"10":{"start":{"line":22,"column":4},"end":{"line":24,"column":null}},"11":{"start":{"line":23,"column":6},"end":{"line":23,"column":55}},"12":{"start":{"line":26,"column":4},"end":{"line":26,"column":38}},"13":{"start":{"line":29,"column":2},"end":{"line":38,"column":4}}},"fnMap":{"0":{"name":"(anonymous_0)","decl":{"start":{"line":13,"column":24},"end":{"line":13,"column":25}},"loc":{"start":{"line":13,"column":45},"end":{"line":39,"column":1}}},"1":{"name":"(anonymous_1)","decl":{"start":{"line":19,"column":24},"end":{"line":19,"column":27}},"loc":{"start":{"line":19,"column":29},"end":{"line":27,"column":3}}}},"branchMap":{"0":{"loc":{"start":{"line":22,"column":4},"end":{"line":24,"column":null}},"type":"if","locations":[{"start":{"line":22,"column":4},"end":{"line":24,"column":null}},{"start":{"line":22,"column":4},"end":{"line":24,"column":null}}]}},"s":{"0":1,"1":1,"2":1,"3":1,"4":1,"5":4,"6":4,"7":4,"8":4,"9":4,"10":4,"11":2,"12":4,"13":4},"f":{"0":4,"1":4},"b":{"0":[2,2]}}
}
